0 info it worked if it ends with ok
1 verbose cli [ '/usr/local/Cellar/node/5.2.0/bin/node',
1 verbose cli   '/Users/droarty/pnet/node_modules/.bin/npm',
1 verbose cli   'run',
1 verbose cli   'build-dev' ]
2 info using npm@3.5.2
3 info using node@v5.2.0
4 verbose run-script [ 'prebuild-dev', 'build-dev', 'postbuild-dev' ]
5 info lifecycle client@0.0.0~prebuild-dev: client@0.0.0
6 silly lifecycle client@0.0.0~prebuild-dev: no script for prebuild-dev, continuing
7 info lifecycle client@0.0.0~build-dev: client@0.0.0
8 verbose lifecycle client@0.0.0~build-dev: unsafe-perm in lifecycle true
9 verbose lifecycle client@0.0.0~build-dev: PATH: /Users/droarty/pnet/node_modules/npm/bin/node-gyp-bin:/Users/droarty/pnet/node_modules/.bin:./node_modules/.bin:./node_modules/.bin:/Users/droarty/.rvm/gems/ruby-2.2.0/bin:/Users/droarty/.rvm/gems/ruby-2.2.0@global/bin:/Users/droarty/.rvm/rubies/ruby-2.2.0/bin:/usr/local/heroku/bin:/Users/droarty/bin:/usr/local/bin:/usr/local/bin:/usr/bin:/bin:/usr/sbin:/sbin:/opt/X11/bin:./node_modules/.bin:/Users/droarty/.rvm/gems/ruby-2.2.0/bin:/Users/droarty/.rvm/gems/ruby-2.2.0@global/bin:/Users/droarty/.rvm/rubies/ruby-2.2.0/bin:/usr/local/heroku/bin:/Users/droarty/bin:/Users/droarty/.rvm/bin:/Users/droarty/arcanist/bin/:/Users/droarty/.rvm/bin:/Users/droarty/bin:/Users/droarty/arcanist/bin/:/Users/droarty/.rvm/bin
10 verbose lifecycle client@0.0.0~build-dev: CWD: /Users/droarty/pnet
11 silly lifecycle client@0.0.0~build-dev: Args: [ '-c',
11 silly lifecycle   'webpack --watch --display-reasons --display-error-details --progress --colors --config config/webpack.config.js' ]
12 silly lifecycle client@0.0.0~build-dev: Returned: code: 1  signal: null
13 info lifecycle client@0.0.0~build-dev: Failed to exec build-dev script
14 verbose stack Error: client@0.0.0 build-dev: `webpack --watch --display-reasons --display-error-details --progress --colors --config config/webpack.config.js`
14 verbose stack Exit status 1
14 verbose stack     at EventEmitter.<anonymous> (/Users/droarty/pnet/node_modules/npm/lib/utils/lifecycle.js:232:16)
14 verbose stack     at emitTwo (events.js:88:13)
14 verbose stack     at EventEmitter.emit (events.js:173:7)
14 verbose stack     at ChildProcess.<anonymous> (/Users/droarty/pnet/node_modules/npm/lib/utils/spawn.js:24:14)
14 verbose stack     at emitTwo (events.js:88:13)
14 verbose stack     at ChildProcess.emit (events.js:173:7)
14 verbose stack     at maybeClose (internal/child_process.js:819:16)
14 verbose stack     at Process.ChildProcess._handle.onexit (internal/child_process.js:212:5)
15 verbose pkgid client@0.0.0
16 verbose cwd /Users/droarty/pnet
17 error Darwin 15.5.0
18 error argv "/usr/local/Cellar/node/5.2.0/bin/node" "/Users/droarty/pnet/node_modules/.bin/npm" "run" "build-dev"
19 error node v5.2.0
20 error npm  v3.5.2
21 error code ELIFECYCLE
22 error client@0.0.0 build-dev: `webpack --watch --display-reasons --display-error-details --progress --colors --config config/webpack.config.js`
22 error Exit status 1
23 error Failed at the client@0.0.0 build-dev script 'webpack --watch --display-reasons --display-error-details --progress --colors --config config/webpack.config.js'.
23 error Make sure you have the latest version of node.js and npm installed.
23 error If you do, this is most likely a problem with the client package,
23 error not with npm itself.
23 error Tell the author that this fails on your system:
23 error     webpack --watch --display-reasons --display-error-details --progress --colors --config config/webpack.config.js
23 error You can get information on how to open an issue for this project with:
23 error     npm bugs client
23 error Or if that isn't available, you can get their info via:
23 error     npm owner ls client
23 error There is likely additional logging output above.
24 verbose exit [ 1, true ]
