0 info it worked if it ends with ok
1 verbose cli [ '/usr/local/Cellar/node/5.2.0/bin/node',
1 verbose cli   '/Users/droarty/pnet/site/node_modules/.bin/npm',
1 verbose cli   'run',
1 verbose cli   'app.js' ]
2 info using npm@3.8.5
3 info using node@v5.2.0
4 verbose stack Error: missing script: app.js
4 verbose stack     at run (/Users/droarty/pnet/site/node_modules/npm/lib/run-script.js:147:19)
4 verbose stack     at /Users/droarty/pnet/site/node_modules/npm/lib/run-script.js:57:5
4 verbose stack     at /Users/droarty/pnet/site/node_modules/npm/node_modules/read-package-json/read-json.js:345:5
4 verbose stack     at checkBinReferences_ (/Users/droarty/pnet/site/node_modules/npm/node_modules/read-package-json/read-json.js:309:45)
4 verbose stack     at final (/Users/droarty/pnet/site/node_modules/npm/node_modules/read-package-json/read-json.js:343:3)
4 verbose stack     at then (/Users/droarty/pnet/site/node_modules/npm/node_modules/read-package-json/read-json.js:113:5)
4 verbose stack     at /Users/droarty/pnet/site/node_modules/npm/node_modules/read-package-json/read-json.js:232:12
4 verbose stack     at /Users/droarty/pnet/site/node_modules/npm/node_modules/graceful-fs/graceful-fs.js:78:16
4 verbose stack     at tryToString (fs.js:415:3)
4 verbose stack     at FSReqWrap.readFileAfterClose [as oncomplete] (fs.js:402:12)
5 verbose cwd /Users/droarty/pnet/site
6 error Darwin 15.5.0
7 error argv "/usr/local/Cellar/node/5.2.0/bin/node" "/Users/droarty/pnet/site/node_modules/.bin/npm" "run" "app.js"
8 error node v5.2.0
9 error npm  v3.8.5
10 error missing script: app.js
11 error If you need help, you may report this error at:
11 error     <https://github.com/npm/npm/issues>
12 verbose exit [ 1, true ]
